<?xml version="1.0" encoding="UTF-8"?>
<!-- Generated by org.testng.reporters.JUnitXMLReporter -->
<testsuite ignored="0" hostname="DESKTOP-4MKSC1R" failures="0" tests="2" name="Test" time="11.072" errors="0" timestamp="2024-09-19T13:45:27 IST">
  <testcase classname="orange.Orange" name="@BeforeMethod login" time="8.899">
    <failure type="java.lang.IllegalArgumentException" message="Keys to send should be a not null CharSequence">
      <![CDATA[java.lang.IllegalArgumentException: Keys to send should be a not null CharSequence
at org.openqa.selenium.remote.RemoteWebElement.sendKeys(RemoteWebElement.java:97)
at orange.Orange.login(Orange.java:30)
at java.base/java.util.ArrayList.forEach(ArrayList.java:1511)
... Removed 31 stack frames]]>
    </failure>
  </testcase> <!-- @BeforeMethod login -->
  <testcase classname="orange.Orange" name="@AfterMethod close" time="0.0">
    <skipped/>
  </testcase> <!-- @AfterMethod close -->
  <testcase classname="orange.Pim" name="employee" time="0.0">
    <skipped/>
  </testcase> <!-- employee -->
  <testcase classname="sample.Demo" name="test" time="2.098"/>
</testsuite> <!-- Test -->
