<?xml version="1.0" encoding="UTF-8"?>
<testng-results ignored="0" total="2" passed="2" failed="0" skipped="0">
  <reporter-output>
  </reporter-output>
  <suite started-at="2024-09-25T12:43:22 IST" name="Default suite" finished-at="2024-09-25T12:43:57 IST" duration-ms="34409">
    <groups>
    </groups>
    <test started-at="2024-09-25T12:43:22 IST" name="Default test" finished-at="2024-09-25T12:43:57 IST" duration-ms="34409">
      <class name="dataprovider.Runner">
        <test-method is-config="true" signature="login()[pri:0, instance:dataprovider.Runner@8f2ef19]" started-at="2024-09-25T12:43:22 IST" name="login" finished-at="2024-09-25T12:43:37 IST" duration-ms="14164" status="PASS">
          <reporter-output>
          </reporter-output>
        </test-method> <!-- login -->
        <test-method signature="login(java.lang.String,java.lang.String)[pri:0, instance:dataprovider.Runner@8f2ef19]" started-at="2024-09-25T12:43:37 IST" name="login" data-provider="login" finished-at="2024-09-25T12:43:39 IST" duration-ms="2464" status="PASS">
          <params>
            <param index="0">
              <value>
                <![CDATA[Admin]]>
              </value>
            </param>
            <param index="1">
              <value>
                <![CDATA[admin123]]>
              </value>
            </param>
          </params>
          <reporter-output>
          </reporter-output>
        </test-method> <!-- login -->
        <test-method is-config="true" signature="close()[pri:0, instance:dataprovider.Runner@8f2ef19]" started-at="2024-09-25T12:43:39 IST" name="close" finished-at="2024-09-25T12:43:39 IST" duration-ms="0" status="PASS">
          <reporter-output>
          </reporter-output>
        </test-method> <!-- close -->
        <test-method is-config="true" signature="login()[pri:0, instance:dataprovider.Runner@8f2ef19]" started-at="2024-09-25T12:43:39 IST" name="login" finished-at="2024-09-25T12:43:55 IST" duration-ms="15867" status="PASS">
          <reporter-output>
          </reporter-output>
        </test-method> <!-- login -->
        <test-method signature="login(java.lang.String,java.lang.String)[pri:0, instance:dataprovider.Runner@8f2ef19]" started-at="2024-09-25T12:43:55 IST" name="login" data-provider="login" finished-at="2024-09-25T12:43:57 IST" duration-ms="1862" status="PASS">
          <params>
            <param index="0">
              <value>
                <![CDATA[abc]]>
              </value>
            </param>
            <param index="1">
              <value>
                <![CDATA[abc123]]>
              </value>
            </param>
          </params>
          <reporter-output>
          </reporter-output>
        </test-method> <!-- login -->
        <test-method is-config="true" signature="close()[pri:0, instance:dataprovider.Runner@8f2ef19]" started-at="2024-09-25T12:43:57 IST" name="close" finished-at="2024-09-25T12:43:57 IST" duration-ms="0" status="PASS">
          <reporter-output>
          </reporter-output>
        </test-method> <!-- close -->
      </class> <!-- dataprovider.Runner -->
    </test> <!-- Default test -->
  </suite> <!-- Default suite -->
</testng-results>
